packer-nginx-nodejs.amazon-ebs.ubuntu: output will be in this color.

==> packer-nginx-nodejs.amazon-ebs.ubuntu: Prevalidating any provided VPC information
==> packer-nginx-nodejs.amazon-ebs.ubuntu: Prevalidating AMI Name: packer-nginx-nodejs
    packer-nginx-nodejs.amazon-ebs.ubuntu: Found Image ID: ami-0a7c94ee047f0ed09
==> packer-nginx-nodejs.amazon-ebs.ubuntu: Creating temporary keypair: packer_6745458f-3929-cd08-ba27-fa03be0b2fdb
==> packer-nginx-nodejs.amazon-ebs.ubuntu: Creating temporary security group for this instance: packer_67454592-dea5-1644-781c-91332797e1a6
==> packer-nginx-nodejs.amazon-ebs.ubuntu: Authorizing access to port 22 from [0.0.0.0/0] in the temporary security groups...
==> packer-nginx-nodejs.amazon-ebs.ubuntu: Launching a source AWS instance...
    packer-nginx-nodejs.amazon-ebs.ubuntu: Instance ID: i-00e344509af01327c
==> packer-nginx-nodejs.amazon-ebs.ubuntu: Waiting for instance (i-00e344509af01327c) to become ready...
==> packer-nginx-nodejs.amazon-ebs.ubuntu: Using SSH communicator to connect: 54.203.199.248
==> packer-nginx-nodejs.amazon-ebs.ubuntu: Waiting for SSH to become available...
==> packer-nginx-nodejs.amazon-ebs.ubuntu: Connected to SSH!
==> packer-nginx-nodejs.amazon-ebs.ubuntu: Provisioning with shell script: C:\Users\jenni\AppData\Local\Temp\packer-shell828056268
    packer-nginx-nodejs.amazon-ebs.ubuntu: Get:1 http://security.ubuntu.com/ubuntu jammy-security InRelease [129 kB]
    packer-nginx-nodejs.amazon-ebs.ubuntu: Hit:2 http://archive.ubuntu.com/ubuntu jammy InRelease
    packer-nginx-nodejs.amazon-ebs.ubuntu: Get:3 http://archive.ubuntu.com/ubuntu jammy-updates InRelease [128 kB]
    packer-nginx-nodejs.amazon-ebs.ubuntu: Get:4 http://archive.ubuntu.com/ubuntu jammy-backports InRelease [127 kB]
    packer-nginx-nodejs.amazon-ebs.ubuntu: Get:5 http://security.ubuntu.com/ubuntu jammy-security/main amd64 Packages [1954 kB]
    packer-nginx-nodejs.amazon-ebs.ubuntu: Get:6 http://archive.ubuntu.com/ubuntu jammy/universe amd64 Packages [14.1 MB]
    packer-nginx-nodejs.amazon-ebs.ubuntu: Get:7 http://security.ubuntu.com/ubuntu jammy-security/main Translation-en [312 kB]
    packer-nginx-nodejs.amazon-ebs.ubuntu: Get:8 http://security.ubuntu.com/ubuntu jammy-security/restricted amd64 Packages [2611 kB]
    packer-nginx-nodejs.amazon-ebs.ubuntu: Get:9 http://security.ubuntu.com/ubuntu jammy-security/restricted Translation-en [453 kB]
    packer-nginx-nodejs.amazon-ebs.ubuntu: Get:10 http://security.ubuntu.com/ubuntu jammy-security/universe amd64 Packages [956 kB]
    packer-nginx-nodejs.amazon-ebs.ubuntu: Get:11 http://security.ubuntu.com/ubuntu jammy-security/universe Translation-en [203 kB]
    packer-nginx-nodejs.amazon-ebs.ubuntu: Get:12 http://security.ubuntu.com/ubuntu jammy-security/universe amd64 c-n-f Metadata [19.5 kB]
    packer-nginx-nodejs.amazon-ebs.ubuntu: Get:13 http://security.ubuntu.com/ubuntu jammy-security/multiverse amd64 Packages [37.6 kB]
    packer-nginx-nodejs.amazon-ebs.ubuntu: Get:14 http://security.ubuntu.com/ubuntu jammy-security/multiverse Translation-en [8260 B]
    packer-nginx-nodejs.amazon-ebs.ubuntu: Get:15 http://security.ubuntu.com/ubuntu jammy-security/multiverse amd64 c-n-f Metadata [224 B]
    packer-nginx-nodejs.amazon-ebs.ubuntu: Get:16 http://archive.ubuntu.com/ubuntu jammy/universe Translation-en [5652 kB]
    packer-nginx-nodejs.amazon-ebs.ubuntu: Get:17 http://archive.ubuntu.com/ubuntu jammy/universe amd64 c-n-f Metadata [286 kB]
    packer-nginx-nodejs.amazon-ebs.ubuntu: Get:18 http://archive.ubuntu.com/ubuntu jammy/multiverse amd64 Packages [217 kB]
    packer-nginx-nodejs.amazon-ebs.ubuntu: Get:19 http://archive.ubuntu.com/ubuntu jammy/multiverse Translation-en [112 kB]
    packer-nginx-nodejs.amazon-ebs.ubuntu: Get:20 http://archive.ubuntu.com/ubuntu jammy/multiverse amd64 c-n-f Metadata [8372 B]
    packer-nginx-nodejs.amazon-ebs.ubuntu: Get:21 http://archive.ubuntu.com/ubuntu jammy-updates/main amd64 Packages [2176 kB]
    packer-nginx-nodejs.amazon-ebs.ubuntu: Get:22 http://archive.ubuntu.com/ubuntu jammy-updates/main Translation-en [371 kB]
    packer-nginx-nodejs.amazon-ebs.ubuntu: Get:23 http://archive.ubuntu.com/ubuntu jammy-updates/restricted amd64 Packages [2680 kB]
    packer-nginx-nodejs.amazon-ebs.ubuntu: Get:24 http://archive.ubuntu.com/ubuntu jammy-updates/restricted Translation-en [466 kB]
    packer-nginx-nodejs.amazon-ebs.ubuntu: Get:25 http://archive.ubuntu.com/ubuntu jammy-updates/universe amd64 Packages [1176 kB]
    packer-nginx-nodejs.amazon-ebs.ubuntu: Get:26 http://archive.ubuntu.com/ubuntu jammy-updates/universe Translation-en [287 kB]
    packer-nginx-nodejs.amazon-ebs.ubuntu: Get:27 http://archive.ubuntu.com/ubuntu jammy-updates/universe amd64 c-n-f Metadata [26.4 kB]
    packer-nginx-nodejs.amazon-ebs.ubuntu: Get:28 http://archive.ubuntu.com/ubuntu jammy-updates/multiverse amd64 Packages [43.6 kB]
    packer-nginx-nodejs.amazon-ebs.ubuntu: Get:29 http://archive.ubuntu.com/ubuntu jammy-updates/multiverse Translation-en [11.4 kB]
    packer-nginx-nodejs.amazon-ebs.ubuntu: Get:30 http://archive.ubuntu.com/ubuntu jammy-updates/multiverse amd64 c-n-f Metadata [440 B]
    packer-nginx-nodejs.amazon-ebs.ubuntu: Get:31 http://archive.ubuntu.com/ubuntu jammy-backports/main amd64 Packages [67.7 kB]
    packer-nginx-nodejs.amazon-ebs.ubuntu: Get:32 http://archive.ubuntu.com/ubuntu jammy-backports/main Translation-en [11.1 kB]
    packer-nginx-nodejs.amazon-ebs.ubuntu: Get:33 http://archive.ubuntu.com/ubuntu jammy-backports/main amd64 c-n-f Metadata [388 B]
    packer-nginx-nodejs.amazon-ebs.ubuntu: Get:34 http://archive.ubuntu.com/ubuntu jammy-backports/restricted amd64 c-n-f Metadata [116 B]
    packer-nginx-nodejs.amazon-ebs.ubuntu: Get:35 http://archive.ubuntu.com/ubuntu jammy-backports/universe amd64 Packages [28.8 kB]
    packer-nginx-nodejs.amazon-ebs.ubuntu: Get:36 http://archive.ubuntu.com/ubuntu jammy-backports/universe Translation-en [16.5 kB]
    packer-nginx-nodejs.amazon-ebs.ubuntu: Get:37 http://archive.ubuntu.com/ubuntu jammy-backports/universe amd64 c-n-f Metadata [672 B]
    packer-nginx-nodejs.amazon-ebs.ubuntu: Get:38 http://archive.ubuntu.com/ubuntu jammy-backports/multiverse amd64 c-n-f Metadata [116 B]
    packer-nginx-nodejs.amazon-ebs.ubuntu: Fetched 34.7 MB in 1min 42s (338 kB/s)
    packer-nginx-nodejs.amazon-ebs.ubuntu: Reading package lists...
    packer-nginx-nodejs.amazon-ebs.ubuntu:
    packer-nginx-nodejs.amazon-ebs.ubuntu: ================================================================================
    packer-nginx-nodejs.amazon-ebs.ubuntu: ================================================================================
    packer-nginx-nodejs.amazon-ebs.ubuntu:
    packer-nginx-nodejs.amazon-ebs.ubuntu:                               DEPRECATION WARNING
    packer-nginx-nodejs.amazon-ebs.ubuntu:
    packer-nginx-nodejs.amazon-ebs.ubuntu:      Node.js 16.x is no longer actively supported!
    packer-nginx-nodejs.amazon-ebs.ubuntu:
    packer-nginx-nodejs.amazon-ebs.ubuntu:   You will not receive security or critical stability updates for this version.
    packer-nginx-nodejs.amazon-ebs.ubuntu:
    packer-nginx-nodejs.amazon-ebs.ubuntu:   You should migrate to a supported version of Node.js as soon as possible.
    packer-nginx-nodejs.amazon-ebs.ubuntu:   Use the installation script that corresponds to the version of Node.js you
    packer-nginx-nodejs.amazon-ebs.ubuntu:   wish to install. e.g.
    packer-nginx-nodejs.amazon-ebs.ubuntu:
    packer-nginx-nodejs.amazon-ebs.ubuntu:    * https://deb.nodesource.com/setup_16.x — Node.js 16 "Gallium" (deprecated)
    packer-nginx-nodejs.amazon-ebs.ubuntu:    * https://deb.nodesource.com/setup_18.x — Node.js 18 "Hydrogen" (Maintenance)
    packer-nginx-nodejs.amazon-ebs.ubuntu:    * https://deb.nodesource.com/setup_19.x — Node.js 19 "Nineteen" (deprecated)
    packer-nginx-nodejs.amazon-ebs.ubuntu:    * https://deb.nodesource.com/setup_20.x — Node.js 20 LTS "Iron" (recommended)
    packer-nginx-nodejs.amazon-ebs.ubuntu:    * https://deb.nodesource.com/setup_21.x — Node.js 21 "Iron" (current)
    packer-nginx-nodejs.amazon-ebs.ubuntu:
    packer-nginx-nodejs.amazon-ebs.ubuntu:
    packer-nginx-nodejs.amazon-ebs.ubuntu:
    packer-nginx-nodejs.amazon-ebs.ubuntu:   Please see https://github.com/nodejs/Release for details about which
    packer-nginx-nodejs.amazon-ebs.ubuntu:   version may be appropriate for you.
    packer-nginx-nodejs.amazon-ebs.ubuntu:
    packer-nginx-nodejs.amazon-ebs.ubuntu:   The NodeSource Node.js distributions repository contains
    packer-nginx-nodejs.amazon-ebs.ubuntu:   information both about supported versions of Node.js and supported Linux
    packer-nginx-nodejs.amazon-ebs.ubuntu:   distributions. To learn more about usage, see the repository:
    packer-nginx-nodejs.amazon-ebs.ubuntu:    https://github.com/nodesource/distributions
    packer-nginx-nodejs.amazon-ebs.ubuntu:
    packer-nginx-nodejs.amazon-ebs.ubuntu: ================================================================================
    packer-nginx-nodejs.amazon-ebs.ubuntu: ================================================================================
    packer-nginx-nodejs.amazon-ebs.ubuntu:
    packer-nginx-nodejs.amazon-ebs.ubuntu: Continuing in 10 seconds ...
    packer-nginx-nodejs.amazon-ebs.ubuntu:
    packer-nginx-nodejs.amazon-ebs.ubuntu: 2024-11-26 03:53:15 - Installing pre-requisites
    packer-nginx-nodejs.amazon-ebs.ubuntu: Get:1 http://us-west-2.ec2.archive.ubuntu.com/ubuntu jammy InRelease [270 kB]
    packer-nginx-nodejs.amazon-ebs.ubuntu: Get:2 http://us-west-2.ec2.archive.ubuntu.com/ubuntu jammy-updates InRelease [128 kB]
    packer-nginx-nodejs.amazon-ebs.ubuntu: Get:3 http://us-west-2.ec2.archive.ubuntu.com/ubuntu jammy-backports InRelease [127 kB]
    packer-nginx-nodejs.amazon-ebs.ubuntu: Get:4 http://us-west-2.ec2.archive.ubuntu.com/ubuntu jammy/main amd64 Packages [1395 kB]
    packer-nginx-nodejs.amazon-ebs.ubuntu: Hit:5 http://security.ubuntu.com/ubuntu jammy-security InRelease
    packer-nginx-nodejs.amazon-ebs.ubuntu: Get:6 http://us-west-2.ec2.archive.ubuntu.com/ubuntu jammy/main Translation-en [510 kB]
    packer-nginx-nodejs.amazon-ebs.ubuntu: Get:7 http://us-west-2.ec2.archive.ubuntu.com/ubuntu jammy/main amd64 c-n-f Metadata [30.3 kB]
    packer-nginx-nodejs.amazon-ebs.ubuntu: Get:8 http://us-west-2.ec2.archive.ubuntu.com/ubuntu jammy/restricted amd64 Packages [129 kB]
    packer-nginx-nodejs.amazon-ebs.ubuntu: Get:9 http://us-west-2.ec2.archive.ubuntu.com/ubuntu jammy/restricted Translation-en [18.6 kB]
    packer-nginx-nodejs.amazon-ebs.ubuntu: Get:10 http://us-west-2.ec2.archive.ubuntu.com/ubuntu jammy/restricted amd64 c-n-f Metadata [488 B]
    packer-nginx-nodejs.amazon-ebs.ubuntu: Get:11 http://us-west-2.ec2.archive.ubuntu.com/ubuntu jammy/universe amd64 Packages [14.1 MB]
    packer-nginx-nodejs.amazon-ebs.ubuntu: Get:12 http://us-west-2.ec2.archive.ubuntu.com/ubuntu jammy/universe Translation-en [5652 kB]
    packer-nginx-nodejs.amazon-ebs.ubuntu: Get:13 http://us-west-2.ec2.archive.ubuntu.com/ubuntu jammy/universe amd64 c-n-f Metadata [286 kB]
    packer-nginx-nodejs.amazon-ebs.ubuntu: Get:14 http://us-west-2.ec2.archive.ubuntu.com/ubuntu jammy/multiverse amd64 Packages [217 kB]
    packer-nginx-nodejs.amazon-ebs.ubuntu: Get:15 http://us-west-2.ec2.archive.ubuntu.com/ubuntu jammy/multiverse Translation-en [112 kB]
    packer-nginx-nodejs.amazon-ebs.ubuntu: Get:16 http://us-west-2.ec2.archive.ubuntu.com/ubuntu jammy/multiverse amd64 c-n-f Metadata [8372 B]
    packer-nginx-nodejs.amazon-ebs.ubuntu: Get:17 http://us-west-2.ec2.archive.ubuntu.com/ubuntu jammy-updates/main amd64 Packages [2176 kB]
    packer-nginx-nodejs.amazon-ebs.ubuntu: Get:18 http://us-west-2.ec2.archive.ubuntu.com/ubuntu jammy-updates/main Translation-en [371 kB]
    packer-nginx-nodejs.amazon-ebs.ubuntu: Get:19 http://us-west-2.ec2.archive.ubuntu.com/ubuntu jammy-updates/main amd64 c-n-f Metadata [17.9 kB]
    packer-nginx-nodejs.amazon-ebs.ubuntu: Get:20 http://us-west-2.ec2.archive.ubuntu.com/ubuntu jammy-updates/restricted amd64 Packages [2680 kB]
    packer-nginx-nodejs.amazon-ebs.ubuntu: Get:21 http://us-west-2.ec2.archive.ubuntu.com/ubuntu jammy-updates/restricted Translation-en [466 kB]
    packer-nginx-nodejs.amazon-ebs.ubuntu: Get:22 http://us-west-2.ec2.archive.ubuntu.com/ubuntu jammy-updates/restricted amd64 c-n-f Metadata [612 B]
    packer-nginx-nodejs.amazon-ebs.ubuntu: Get:23 http://us-west-2.ec2.archive.ubuntu.com/ubuntu jammy-updates/universe amd64 Packages [1176 kB]
    packer-nginx-nodejs.amazon-ebs.ubuntu: Get:24 http://us-west-2.ec2.archive.ubuntu.com/ubuntu jammy-updates/universe Translation-en [287 kB]
    packer-nginx-nodejs.amazon-ebs.ubuntu: Get:25 http://us-west-2.ec2.archive.ubuntu.com/ubuntu jammy-updates/universe amd64 c-n-f Metadata [26.4 kB]
    packer-nginx-nodejs.amazon-ebs.ubuntu: Get:26 http://us-west-2.ec2.archive.ubuntu.com/ubuntu jammy-updates/multiverse amd64 Packages [43.6 kB]
    packer-nginx-nodejs.amazon-ebs.ubuntu: Get:27 http://us-west-2.ec2.archive.ubuntu.com/ubuntu jammy-updates/multiverse Translation-en [11.4 kB]
    packer-nginx-nodejs.amazon-ebs.ubuntu: Get:28 http://us-west-2.ec2.archive.ubuntu.com/ubuntu jammy-updates/multiverse amd64 c-n-f Metadata [440 B]
    packer-nginx-nodejs.amazon-ebs.ubuntu: Get:29 http://us-west-2.ec2.archive.ubuntu.com/ubuntu jammy-backports/main amd64 Packages [67.7 kB]
    packer-nginx-nodejs.amazon-ebs.ubuntu: Get:30 http://us-west-2.ec2.archive.ubuntu.com/ubuntu jammy-backports/main Translation-en [11.1 kB]
    packer-nginx-nodejs.amazon-ebs.ubuntu: Get:31 http://us-west-2.ec2.archive.ubuntu.com/ubuntu jammy-backports/main amd64 c-n-f Metadata [388 B]
    packer-nginx-nodejs.amazon-ebs.ubuntu: Get:32 http://us-west-2.ec2.archive.ubuntu.com/ubuntu jammy-backports/restricted amd64 c-n-f Metadata [116 B]
    packer-nginx-nodejs.amazon-ebs.ubuntu: Get:33 http://us-west-2.ec2.archive.ubuntu.com/ubuntu jammy-backports/universe amd64 Packages [28.8 kB]
    packer-nginx-nodejs.amazon-ebs.ubuntu: Get:34 http://us-west-2.ec2.archive.ubuntu.com/ubuntu jammy-backports/universe Translation-en [16.5 kB]
    packer-nginx-nodejs.amazon-ebs.ubuntu: Get:35 http://us-west-2.ec2.archive.ubuntu.com/ubuntu jammy-backports/universe amd64 c-n-f Metadata [672 B]
    packer-nginx-nodejs.amazon-ebs.ubuntu: Get:36 http://us-west-2.ec2.archive.ubuntu.com/ubuntu jammy-backports/multiverse amd64 c-n-f Metadata [116 B]
    packer-nginx-nodejs.amazon-ebs.ubuntu: Fetched 30.4 MB in 5s (6083 kB/s)
    packer-nginx-nodejs.amazon-ebs.ubuntu: Reading package lists...
    packer-nginx-nodejs.amazon-ebs.ubuntu: Reading package lists...
    packer-nginx-nodejs.amazon-ebs.ubuntu: Building dependency tree...
    packer-nginx-nodejs.amazon-ebs.ubuntu: Reading state information...
    packer-nginx-nodejs.amazon-ebs.ubuntu: ca-certificates is already the newest version (20240203~22.04.1).
    packer-nginx-nodejs.amazon-ebs.ubuntu: ca-certificates set to manually installed.
    packer-nginx-nodejs.amazon-ebs.ubuntu: curl is already the newest version (7.81.0-1ubuntu1.19).
    packer-nginx-nodejs.amazon-ebs.ubuntu: curl set to manually installed.
    packer-nginx-nodejs.amazon-ebs.ubuntu: gnupg is already the newest version (2.2.27-3ubuntu2.1).
    packer-nginx-nodejs.amazon-ebs.ubuntu: gnupg set to manually installed.
    packer-nginx-nodejs.amazon-ebs.ubuntu: The following NEW packages will be installed:
    packer-nginx-nodejs.amazon-ebs.ubuntu:   apt-transport-https
    packer-nginx-nodejs.amazon-ebs.ubuntu: 0 upgraded, 1 newly installed, 0 to remove and 0 not upgraded.
    packer-nginx-nodejs.amazon-ebs.ubuntu: Need to get 1510 B of archives.
    packer-nginx-nodejs.amazon-ebs.ubuntu: After this operation, 170 kB of additional disk space will be used.
    packer-nginx-nodejs.amazon-ebs.ubuntu: Get:1 http://us-west-2.ec2.archive.ubuntu.com/ubuntu jammy-updates/universe amd64 apt-transport-https all 2.4.13 [1510 B]
==> packer-nginx-nodejs.amazon-ebs.ubuntu: debconf: unable to initialize frontend: Dialog
==> packer-nginx-nodejs.amazon-ebs.ubuntu: debconf: (Dialog frontend will not work on a dumb terminal, an emacs shell buffer, or without a controlling terminal.)
==> packer-nginx-nodejs.amazon-ebs.ubuntu: debconf: falling back to frontend: Readline
==> packer-nginx-nodejs.amazon-ebs.ubuntu: debconf: unable to initialize frontend: Readline
==> packer-nginx-nodejs.amazon-ebs.ubuntu: debconf: (This frontend requires a controlling tty.)
==> packer-nginx-nodejs.amazon-ebs.ubuntu: debconf: falling back to frontend: Teletype
==> packer-nginx-nodejs.amazon-ebs.ubuntu: dpkg-preconfigure: unable to re-open stdin:
    packer-nginx-nodejs.amazon-ebs.ubuntu: Fetched 1510 B in 0s (74.1 kB/s)
    packer-nginx-nodejs.amazon-ebs.ubuntu: Selecting previously unselected package apt-transport-https.
    packer-nginx-nodejs.amazon-ebs.ubuntu: (Reading database ... 65844 files and directories currently installed.)
    packer-nginx-nodejs.amazon-ebs.ubuntu: Preparing to unpack .../apt-transport-https_2.4.13_all.deb ...
    packer-nginx-nodejs.amazon-ebs.ubuntu: Unpacking apt-transport-https (2.4.13) ...
    packer-nginx-nodejs.amazon-ebs.ubuntu: Setting up apt-transport-https (2.4.13) ...
    packer-nginx-nodejs.amazon-ebs.ubuntu:
    packer-nginx-nodejs.amazon-ebs.ubuntu: Running kernel seems to be up-to-date.
    packer-nginx-nodejs.amazon-ebs.ubuntu:
    packer-nginx-nodejs.amazon-ebs.ubuntu: No services need to be restarted.
    packer-nginx-nodejs.amazon-ebs.ubuntu:
    packer-nginx-nodejs.amazon-ebs.ubuntu: No containers need to be restarted.
    packer-nginx-nodejs.amazon-ebs.ubuntu:
    packer-nginx-nodejs.amazon-ebs.ubuntu: No user sessions are running outdated binaries.
    packer-nginx-nodejs.amazon-ebs.ubuntu:
    packer-nginx-nodejs.amazon-ebs.ubuntu: No VM guests are running outdated hypervisor (qemu) binaries on this host.
    packer-nginx-nodejs.amazon-ebs.ubuntu: Hit:1 http://us-west-2.ec2.archive.ubuntu.com/ubuntu jammy InRelease
    packer-nginx-nodejs.amazon-ebs.ubuntu: Hit:2 http://us-west-2.ec2.archive.ubuntu.com/ubuntu jammy-updates InRelease
    packer-nginx-nodejs.amazon-ebs.ubuntu: Hit:3 http://us-west-2.ec2.archive.ubuntu.com/ubuntu jammy-backports InRelease
    packer-nginx-nodejs.amazon-ebs.ubuntu: Get:4 https://deb.nodesource.com/node_16.x nodistro InRelease [12.1 kB]
    packer-nginx-nodejs.amazon-ebs.ubuntu: Hit:5 http://security.ubuntu.com/ubuntu jammy-security InRelease
    packer-nginx-nodejs.amazon-ebs.ubuntu: Get:6 https://deb.nodesource.com/node_16.x nodistro/main amd64 Packages [7462 B]
    packer-nginx-nodejs.amazon-ebs.ubuntu: Fetched 19.6 kB in 1s (27.8 kB/s)
    packer-nginx-nodejs.amazon-ebs.ubuntu: Reading package lists...
    packer-nginx-nodejs.amazon-ebs.ubuntu: 2024-11-26 03:53:37 - Repository configured successfully. To install Node.js, run: apt-get install nodejs -y
    packer-nginx-nodejs.amazon-ebs.ubuntu: Reading package lists...
    packer-nginx-nodejs.amazon-ebs.ubuntu: Building dependency tree...
    packer-nginx-nodejs.amazon-ebs.ubuntu: Reading state information...
    packer-nginx-nodejs.amazon-ebs.ubuntu: The following additional packages will be installed:
    packer-nginx-nodejs.amazon-ebs.ubuntu:   fontconfig-config fonts-dejavu-core libdeflate0 libfontconfig1 libgd3
    packer-nginx-nodejs.amazon-ebs.ubuntu:   libjbig0 libjpeg-turbo8 libjpeg8 libnginx-mod-http-geoip2
    packer-nginx-nodejs.amazon-ebs.ubuntu:   libnginx-mod-http-image-filter libnginx-mod-http-xslt-filter
    packer-nginx-nodejs.amazon-ebs.ubuntu:   libnginx-mod-mail libnginx-mod-stream libnginx-mod-stream-geoip2 libtiff5
    packer-nginx-nodejs.amazon-ebs.ubuntu:   libwebp7 libxpm4 nginx-common nginx-core
    packer-nginx-nodejs.amazon-ebs.ubuntu: Suggested packages:
    packer-nginx-nodejs.amazon-ebs.ubuntu:   libgd-tools fcgiwrap nginx-doc ssl-cert
    packer-nginx-nodejs.amazon-ebs.ubuntu: The following NEW packages will be installed:
    packer-nginx-nodejs.amazon-ebs.ubuntu:   fontconfig-config fonts-dejavu-core libdeflate0 libfontconfig1 libgd3
    packer-nginx-nodejs.amazon-ebs.ubuntu:   libjbig0 libjpeg-turbo8 libjpeg8 libnginx-mod-http-geoip2
    packer-nginx-nodejs.amazon-ebs.ubuntu:   libnginx-mod-http-image-filter libnginx-mod-http-xslt-filter
    packer-nginx-nodejs.amazon-ebs.ubuntu:   libnginx-mod-mail libnginx-mod-stream libnginx-mod-stream-geoip2 libtiff5
    packer-nginx-nodejs.amazon-ebs.ubuntu:   libwebp7 libxpm4 nginx nginx-common nginx-core nodejs
    packer-nginx-nodejs.amazon-ebs.ubuntu: 0 upgraded, 21 newly installed, 0 to remove and 0 not upgraded.
    packer-nginx-nodejs.amazon-ebs.ubuntu: Need to get 30.2 MB of archives.
    packer-nginx-nodejs.amazon-ebs.ubuntu: After this operation, 136 MB of additional disk space will be used.
    packer-nginx-nodejs.amazon-ebs.ubuntu: Get:1 http://us-west-2.ec2.archive.ubuntu.com/ubuntu jammy/main amd64 fonts-dejavu-core all 2.37-2build1 [1041 kB]
    packer-nginx-nodejs.amazon-ebs.ubuntu: Get:2 http://us-west-2.ec2.archive.ubuntu.com/ubuntu jammy/main amd64 fontconfig-config all 2.13.1-4.2ubuntu5 [29.1 kB]
    packer-nginx-nodejs.amazon-ebs.ubuntu: Get:3 http://us-west-2.ec2.archive.ubuntu.com/ubuntu jammy/main amd64 libdeflate0 amd64 1.10-2 [70.9 kB]
    packer-nginx-nodejs.amazon-ebs.ubuntu: Get:4 http://us-west-2.ec2.archive.ubuntu.com/ubuntu jammy/main amd64 libfontconfig1 amd64 2.13.1-4.2ubuntu5 [131 kB]
    packer-nginx-nodejs.amazon-ebs.ubuntu: Get:5 http://us-west-2.ec2.archive.ubuntu.com/ubuntu jammy/main amd64 libjpeg-turbo8 amd64 2.1.2-0ubuntu1 [134 kB]
    packer-nginx-nodejs.amazon-ebs.ubuntu: Get:6 http://us-west-2.ec2.archive.ubuntu.com/ubuntu jammy/main amd64 libjpeg8 amd64 8c-2ubuntu10 [2264 B]
    packer-nginx-nodejs.amazon-ebs.ubuntu: Get:7 http://us-west-2.ec2.archive.ubuntu.com/ubuntu jammy-updates/main amd64 libjbig0 amd64 2.1-3.1ubuntu0.22.04.1 [29.2 kB]
    packer-nginx-nodejs.amazon-ebs.ubuntu: Get:8 http://us-west-2.ec2.archive.ubuntu.com/ubuntu jammy-updates/main amd64 libwebp7 amd64 1.2.2-2ubuntu0.22.04.2 [206 kB]
    packer-nginx-nodejs.amazon-ebs.ubuntu: Get:9 http://us-west-2.ec2.archive.ubuntu.com/ubuntu jammy-updates/main amd64 libtiff5 amd64 4.3.0-6ubuntu0.10 [185 kB]
    packer-nginx-nodejs.amazon-ebs.ubuntu: Get:10 http://us-west-2.ec2.archive.ubuntu.com/ubuntu jammy-updates/main amd64 libxpm4 amd64 1:3.5.12-1ubuntu0.22.04.2 [36.7 kB]
    packer-nginx-nodejs.amazon-ebs.ubuntu: Get:11 http://us-west-2.ec2.archive.ubuntu.com/ubuntu jammy-updates/main amd64 libgd3 amd64 2.3.0-2ubuntu2.3 [129 kB]
    packer-nginx-nodejs.amazon-ebs.ubuntu: Get:12 http://us-west-2.ec2.archive.ubuntu.com/ubuntu jammy-updates/main amd64 nginx-common all 1.18.0-6ubuntu14.5 [40.1 kB]
    packer-nginx-nodejs.amazon-ebs.ubuntu: Get:13 http://us-west-2.ec2.archive.ubuntu.com/ubuntu jammy-updates/main amd64 libnginx-mod-http-geoip2 amd64 1.18.0-6ubuntu14.5 [12.0 kB]
    packer-nginx-nodejs.amazon-ebs.ubuntu: Get:14 https://deb.nodesource.com/node_16.x nodistro/main amd64 nodejs amd64 16.20.2-1nodesource1 [27.5 MB]
    packer-nginx-nodejs.amazon-ebs.ubuntu: Get:15 http://us-west-2.ec2.archive.ubuntu.com/ubuntu jammy-updates/main amd64 libnginx-mod-http-image-filter amd64 1.18.0-6ubuntu14.5 [15.5 kB]
    packer-nginx-nodejs.amazon-ebs.ubuntu: Get:16 http://us-west-2.ec2.archive.ubuntu.com/ubuntu jammy-updates/main amd64 libnginx-mod-http-xslt-filter amd64 1.18.0-6ubuntu14.5 [13.8 kB]
    packer-nginx-nodejs.amazon-ebs.ubuntu: Get:17 http://us-west-2.ec2.archive.ubuntu.com/ubuntu jammy-updates/main amd64 libnginx-mod-mail amd64 1.18.0-6ubuntu14.5 [45.8 kB]
    packer-nginx-nodejs.amazon-ebs.ubuntu: Get:18 http://us-west-2.ec2.archive.ubuntu.com/ubuntu jammy-updates/main amd64 libnginx-mod-stream amd64 1.18.0-6ubuntu14.5 [72.8 kB]
    packer-nginx-nodejs.amazon-ebs.ubuntu: Get:19 http://us-west-2.ec2.archive.ubuntu.com/ubuntu jammy-updates/main amd64 libnginx-mod-stream-geoip2 amd64 1.18.0-6ubuntu14.5 [10.1 kB]
    packer-nginx-nodejs.amazon-ebs.ubuntu: Get:20 http://us-west-2.ec2.archive.ubuntu.com/ubuntu jammy-updates/main amd64 nginx-core amd64 1.18.0-6ubuntu14.5 [483 kB]
    packer-nginx-nodejs.amazon-ebs.ubuntu: Get:21 http://us-west-2.ec2.archive.ubuntu.com/ubuntu jammy-updates/main amd64 nginx amd64 1.18.0-6ubuntu14.5 [3882 B]
==> packer-nginx-nodejs.amazon-ebs.ubuntu: debconf: unable to initialize frontend: Dialog
==> packer-nginx-nodejs.amazon-ebs.ubuntu: debconf: (Dialog frontend will not work on a dumb terminal, an emacs shell buffer, or without a controlling terminal.)
==> packer-nginx-nodejs.amazon-ebs.ubuntu: debconf: falling back to frontend: Readline
==> packer-nginx-nodejs.amazon-ebs.ubuntu: debconf: unable to initialize frontend: Readline
==> packer-nginx-nodejs.amazon-ebs.ubuntu: debconf: (This frontend requires a controlling tty.)
==> packer-nginx-nodejs.amazon-ebs.ubuntu: debconf: falling back to frontend: Teletype
==> packer-nginx-nodejs.amazon-ebs.ubuntu: dpkg-preconfigure: unable to re-open stdin:
    packer-nginx-nodejs.amazon-ebs.ubuntu: Fetched 30.2 MB in 1s (54.2 MB/s)
    packer-nginx-nodejs.amazon-ebs.ubuntu: Selecting previously unselected package fonts-dejavu-core.
    packer-nginx-nodejs.amazon-ebs.ubuntu: (Reading database ... 65848 files and directories currently installed.)
    packer-nginx-nodejs.amazon-ebs.ubuntu: Preparing to unpack .../00-fonts-dejavu-core_2.37-2build1_all.deb ...
    packer-nginx-nodejs.amazon-ebs.ubuntu: Unpacking fonts-dejavu-core (2.37-2build1) ...
    packer-nginx-nodejs.amazon-ebs.ubuntu: Selecting previously unselected package fontconfig-config.
    packer-nginx-nodejs.amazon-ebs.ubuntu: Preparing to unpack .../01-fontconfig-config_2.13.1-4.2ubuntu5_all.deb ...
    packer-nginx-nodejs.amazon-ebs.ubuntu: Unpacking fontconfig-config (2.13.1-4.2ubuntu5) ...
    packer-nginx-nodejs.amazon-ebs.ubuntu: Selecting previously unselected package libdeflate0:amd64.
    packer-nginx-nodejs.amazon-ebs.ubuntu: Preparing to unpack .../02-libdeflate0_1.10-2_amd64.deb ...
    packer-nginx-nodejs.amazon-ebs.ubuntu: Unpacking libdeflate0:amd64 (1.10-2) ...
    packer-nginx-nodejs.amazon-ebs.ubuntu: Selecting previously unselected package libfontconfig1:amd64.
    packer-nginx-nodejs.amazon-ebs.ubuntu: Preparing to unpack .../03-libfontconfig1_2.13.1-4.2ubuntu5_amd64.deb ...
    packer-nginx-nodejs.amazon-ebs.ubuntu: Unpacking libfontconfig1:amd64 (2.13.1-4.2ubuntu5) ...
    packer-nginx-nodejs.amazon-ebs.ubuntu: Selecting previously unselected package libjpeg-turbo8:amd64.
    packer-nginx-nodejs.amazon-ebs.ubuntu: Preparing to unpack .../04-libjpeg-turbo8_2.1.2-0ubuntu1_amd64.deb ...
    packer-nginx-nodejs.amazon-ebs.ubuntu: Unpacking libjpeg-turbo8:amd64 (2.1.2-0ubuntu1) ...
    packer-nginx-nodejs.amazon-ebs.ubuntu: Selecting previously unselected package libjpeg8:amd64.
    packer-nginx-nodejs.amazon-ebs.ubuntu: Preparing to unpack .../05-libjpeg8_8c-2ubuntu10_amd64.deb ...
    packer-nginx-nodejs.amazon-ebs.ubuntu: Unpacking libjpeg8:amd64 (8c-2ubuntu10) ...
    packer-nginx-nodejs.amazon-ebs.ubuntu: Selecting previously unselected package libjbig0:amd64.
    packer-nginx-nodejs.amazon-ebs.ubuntu: Preparing to unpack .../06-libjbig0_2.1-3.1ubuntu0.22.04.1_amd64.deb ...
    packer-nginx-nodejs.amazon-ebs.ubuntu: Unpacking libjbig0:amd64 (2.1-3.1ubuntu0.22.04.1) ...
    packer-nginx-nodejs.amazon-ebs.ubuntu: Selecting previously unselected package libwebp7:amd64.
    packer-nginx-nodejs.amazon-ebs.ubuntu: Preparing to unpack .../07-libwebp7_1.2.2-2ubuntu0.22.04.2_amd64.deb ...
    packer-nginx-nodejs.amazon-ebs.ubuntu: Unpacking libwebp7:amd64 (1.2.2-2ubuntu0.22.04.2) ...
    packer-nginx-nodejs.amazon-ebs.ubuntu: Selecting previously unselected package libtiff5:amd64.
    packer-nginx-nodejs.amazon-ebs.ubuntu: Preparing to unpack .../08-libtiff5_4.3.0-6ubuntu0.10_amd64.deb ...
    packer-nginx-nodejs.amazon-ebs.ubuntu: Unpacking libtiff5:amd64 (4.3.0-6ubuntu0.10) ...
    packer-nginx-nodejs.amazon-ebs.ubuntu: Selecting previously unselected package libxpm4:amd64.
    packer-nginx-nodejs.amazon-ebs.ubuntu: Preparing to unpack .../09-libxpm4_1%3a3.5.12-1ubuntu0.22.04.2_amd64.deb ...
    packer-nginx-nodejs.amazon-ebs.ubuntu: Unpacking libxpm4:amd64 (1:3.5.12-1ubuntu0.22.04.2) ...
    packer-nginx-nodejs.amazon-ebs.ubuntu: Selecting previously unselected package libgd3:amd64.
    packer-nginx-nodejs.amazon-ebs.ubuntu: Preparing to unpack .../10-libgd3_2.3.0-2ubuntu2.3_amd64.deb ...
    packer-nginx-nodejs.amazon-ebs.ubuntu: Unpacking libgd3:amd64 (2.3.0-2ubuntu2.3) ...
    packer-nginx-nodejs.amazon-ebs.ubuntu: Selecting previously unselected package nginx-common.
    packer-nginx-nodejs.amazon-ebs.ubuntu: Preparing to unpack .../11-nginx-common_1.18.0-6ubuntu14.5_all.deb ...
    packer-nginx-nodejs.amazon-ebs.ubuntu: Unpacking nginx-common (1.18.0-6ubuntu14.5) ...
    packer-nginx-nodejs.amazon-ebs.ubuntu: Selecting previously unselected package libnginx-mod-http-geoip2.
    packer-nginx-nodejs.amazon-ebs.ubuntu: Preparing to unpack .../12-libnginx-mod-http-geoip2_1.18.0-6ubuntu14.5_amd64.deb ...
    packer-nginx-nodejs.amazon-ebs.ubuntu: Unpacking libnginx-mod-http-geoip2 (1.18.0-6ubuntu14.5) ...
    packer-nginx-nodejs.amazon-ebs.ubuntu: Selecting previously unselected package libnginx-mod-http-image-filter.
    packer-nginx-nodejs.amazon-ebs.ubuntu: Preparing to unpack .../13-libnginx-mod-http-image-filter_1.18.0-6ubuntu14.5_amd64.deb ...
    packer-nginx-nodejs.amazon-ebs.ubuntu: Unpacking libnginx-mod-http-image-filter (1.18.0-6ubuntu14.5) ...
    packer-nginx-nodejs.amazon-ebs.ubuntu: Selecting previously unselected package libnginx-mod-http-xslt-filter.
    packer-nginx-nodejs.amazon-ebs.ubuntu: Preparing to unpack .../14-libnginx-mod-http-xslt-filter_1.18.0-6ubuntu14.5_amd64.deb ...
    packer-nginx-nodejs.amazon-ebs.ubuntu: Unpacking libnginx-mod-http-xslt-filter (1.18.0-6ubuntu14.5) ...
    packer-nginx-nodejs.amazon-ebs.ubuntu: Selecting previously unselected package libnginx-mod-mail.
    packer-nginx-nodejs.amazon-ebs.ubuntu: Preparing to unpack .../15-libnginx-mod-mail_1.18.0-6ubuntu14.5_amd64.deb ...
    packer-nginx-nodejs.amazon-ebs.ubuntu: Unpacking libnginx-mod-mail (1.18.0-6ubuntu14.5) ...
    packer-nginx-nodejs.amazon-ebs.ubuntu: Selecting previously unselected package libnginx-mod-stream.
    packer-nginx-nodejs.amazon-ebs.ubuntu: Preparing to unpack .../16-libnginx-mod-stream_1.18.0-6ubuntu14.5_amd64.deb ...
    packer-nginx-nodejs.amazon-ebs.ubuntu: Unpacking libnginx-mod-stream (1.18.0-6ubuntu14.5) ...
    packer-nginx-nodejs.amazon-ebs.ubuntu: Selecting previously unselected package libnginx-mod-stream-geoip2.
    packer-nginx-nodejs.amazon-ebs.ubuntu: Preparing to unpack .../17-libnginx-mod-stream-geoip2_1.18.0-6ubuntu14.5_amd64.deb ...
    packer-nginx-nodejs.amazon-ebs.ubuntu: Unpacking libnginx-mod-stream-geoip2 (1.18.0-6ubuntu14.5) ...
    packer-nginx-nodejs.amazon-ebs.ubuntu: Selecting previously unselected package nginx-core.
    packer-nginx-nodejs.amazon-ebs.ubuntu: Preparing to unpack .../18-nginx-core_1.18.0-6ubuntu14.5_amd64.deb ...
    packer-nginx-nodejs.amazon-ebs.ubuntu: Unpacking nginx-core (1.18.0-6ubuntu14.5) ...
    packer-nginx-nodejs.amazon-ebs.ubuntu: Selecting previously unselected package nginx.
    packer-nginx-nodejs.amazon-ebs.ubuntu: Preparing to unpack .../19-nginx_1.18.0-6ubuntu14.5_amd64.deb ...
    packer-nginx-nodejs.amazon-ebs.ubuntu: Unpacking nginx (1.18.0-6ubuntu14.5) ...
    packer-nginx-nodejs.amazon-ebs.ubuntu: Selecting previously unselected package nodejs.
    packer-nginx-nodejs.amazon-ebs.ubuntu: Preparing to unpack .../20-nodejs_16.20.2-1nodesource1_amd64.deb ...
    packer-nginx-nodejs.amazon-ebs.ubuntu: Unpacking nodejs (16.20.2-1nodesource1) ...
    packer-nginx-nodejs.amazon-ebs.ubuntu: Setting up libxpm4:amd64 (1:3.5.12-1ubuntu0.22.04.2) ...
    packer-nginx-nodejs.amazon-ebs.ubuntu: Setting up libdeflate0:amd64 (1.10-2) ...
    packer-nginx-nodejs.amazon-ebs.ubuntu: Setting up nginx-common (1.18.0-6ubuntu14.5) ...
    packer-nginx-nodejs.amazon-ebs.ubuntu: debconf: unable to initialize frontend: Dialog
    packer-nginx-nodejs.amazon-ebs.ubuntu: debconf: (Dialog frontend will not work on a dumb terminal, an emacs shell buffer, or without a controlling terminal.)
    packer-nginx-nodejs.amazon-ebs.ubuntu: debconf: falling back to frontend: Readline
    packer-nginx-nodejs.amazon-ebs.ubuntu: Created symlink /etc/systemd/system/multi-user.target.wants/nginx.service → /lib/systemd/system/nginx.service.
    packer-nginx-nodejs.amazon-ebs.ubuntu: Setting up nodejs (16.20.2-1nodesource1) ...
    packer-nginx-nodejs.amazon-ebs.ubuntu: Setting up libjbig0:amd64 (2.1-3.1ubuntu0.22.04.1) ...
    packer-nginx-nodejs.amazon-ebs.ubuntu: Setting up libnginx-mod-http-xslt-filter (1.18.0-6ubuntu14.5) ...
    packer-nginx-nodejs.amazon-ebs.ubuntu: Setting up fonts-dejavu-core (2.37-2build1) ...
    packer-nginx-nodejs.amazon-ebs.ubuntu: Setting up libjpeg-turbo8:amd64 (2.1.2-0ubuntu1) ...
    packer-nginx-nodejs.amazon-ebs.ubuntu: Setting up libwebp7:amd64 (1.2.2-2ubuntu0.22.04.2) ...
    packer-nginx-nodejs.amazon-ebs.ubuntu: Setting up libnginx-mod-http-geoip2 (1.18.0-6ubuntu14.5) ...
    packer-nginx-nodejs.amazon-ebs.ubuntu: Setting up libjpeg8:amd64 (8c-2ubuntu10) ...
    packer-nginx-nodejs.amazon-ebs.ubuntu: Setting up libnginx-mod-mail (1.18.0-6ubuntu14.5) ...
    packer-nginx-nodejs.amazon-ebs.ubuntu: Setting up fontconfig-config (2.13.1-4.2ubuntu5) ...
    packer-nginx-nodejs.amazon-ebs.ubuntu: Setting up libnginx-mod-stream (1.18.0-6ubuntu14.5) ...
    packer-nginx-nodejs.amazon-ebs.ubuntu: Setting up libtiff5:amd64 (4.3.0-6ubuntu0.10) ...
    packer-nginx-nodejs.amazon-ebs.ubuntu: Setting up libfontconfig1:amd64 (2.13.1-4.2ubuntu5) ...
    packer-nginx-nodejs.amazon-ebs.ubuntu: Setting up libnginx-mod-stream-geoip2 (1.18.0-6ubuntu14.5) ...
    packer-nginx-nodejs.amazon-ebs.ubuntu: Setting up libgd3:amd64 (2.3.0-2ubuntu2.3) ...
    packer-nginx-nodejs.amazon-ebs.ubuntu: Setting up libnginx-mod-http-image-filter (1.18.0-6ubuntu14.5) ...
    packer-nginx-nodejs.amazon-ebs.ubuntu: Setting up nginx-core (1.18.0-6ubuntu14.5) ...
    packer-nginx-nodejs.amazon-ebs.ubuntu:  * Upgrading binary nginx
    packer-nginx-nodejs.amazon-ebs.ubuntu:    ...done.
    packer-nginx-nodejs.amazon-ebs.ubuntu: Setting up nginx (1.18.0-6ubuntu14.5) ...
    packer-nginx-nodejs.amazon-ebs.ubuntu: Processing triggers for ufw (0.36.1-4ubuntu0.1) ...
    packer-nginx-nodejs.amazon-ebs.ubuntu: Processing triggers for man-db (2.10.2-1) ...
    packer-nginx-nodejs.amazon-ebs.ubuntu: Processing triggers for libc-bin (2.35-0ubuntu3.8) ...
    packer-nginx-nodejs.amazon-ebs.ubuntu:
    packer-nginx-nodejs.amazon-ebs.ubuntu: Running kernel seems to be up-to-date.
    packer-nginx-nodejs.amazon-ebs.ubuntu:
    packer-nginx-nodejs.amazon-ebs.ubuntu: No services need to be restarted.
    packer-nginx-nodejs.amazon-ebs.ubuntu:
    packer-nginx-nodejs.amazon-ebs.ubuntu: No containers need to be restarted.
    packer-nginx-nodejs.amazon-ebs.ubuntu:
    packer-nginx-nodejs.amazon-ebs.ubuntu: No user sessions are running outdated binaries.
    packer-nginx-nodejs.amazon-ebs.ubuntu:
    packer-nginx-nodejs.amazon-ebs.ubuntu: No VM guests are running outdated hypervisor (qemu) binaries on this host.
    packer-nginx-nodejs.amazon-ebs.ubuntu: v16.20.2
==> packer-nginx-nodejs.amazon-ebs.ubuntu: Cloning into '/var/www/nodejs_app'...
    packer-nginx-nodejs.amazon-ebs.ubuntu:
    packer-nginx-nodejs.amazon-ebs.ubuntu: added 65 packages, and audited 66 packages in 2s
    packer-nginx-nodejs.amazon-ebs.ubuntu:
==> packer-nginx-nodejs.amazon-ebs.ubuntu: npm notice
    packer-nginx-nodejs.amazon-ebs.ubuntu: 13 packages are looking for funding
    packer-nginx-nodejs.amazon-ebs.ubuntu:   run `npm fund` for details
==> packer-nginx-nodejs.amazon-ebs.ubuntu: npm notice New major version of npm available! 8.19.4 -> 10.9.1
    packer-nginx-nodejs.amazon-ebs.ubuntu:
    packer-nginx-nodejs.amazon-ebs.ubuntu: found 0 vulnerabilities
    packer-nginx-nodejs.amazon-ebs.ubuntu: [Unit]
==> packer-nginx-nodejs.amazon-ebs.ubuntu: npm notice Changelog: <https://github.com/npm/cli/releases/tag/v10.9.1>
    packer-nginx-nodejs.amazon-ebs.ubuntu: Description=Node.js App
    packer-nginx-nodejs.amazon-ebs.ubuntu: [Service]
==> packer-nginx-nodejs.amazon-ebs.ubuntu: npm notice Run `npm install -g npm@10.9.1` to update!
==> packer-nginx-nodejs.amazon-ebs.ubuntu: npm notice
    packer-nginx-nodejs.amazon-ebs.ubuntu: ExecStart=/usr/bin/node /var/www/nodejs_app/nodejs-app/src/app.js
==> packer-nginx-nodejs.amazon-ebs.ubuntu: Created symlink /etc/systemd/system/multi-user.target.wants/nodeapp.service → /etc/systemd/system/nodeapp.service.
    packer-nginx-nodejs.amazon-ebs.ubuntu: Restart=always
    packer-nginx-nodejs.amazon-ebs.ubuntu: User=ubuntu
    packer-nginx-nodejs.amazon-ebs.ubuntu: Environment=PORT=3000
    packer-nginx-nodejs.amazon-ebs.ubuntu: [Install]
    packer-nginx-nodejs.amazon-ebs.ubuntu: WantedBy=multi-user.target
==> packer-nginx-nodejs.amazon-ebs.ubuntu: nginx: the configuration file /etc/nginx/nginx.conf syntax is ok
==> packer-nginx-nodejs.amazon-ebs.ubuntu: nginx: configuration file /etc/nginx/nginx.conf test is successful
==> packer-nginx-nodejs.amazon-ebs.ubuntu: Stopping the source instance...
    packer-nginx-nodejs.amazon-ebs.ubuntu: Stopping instance
==> packer-nginx-nodejs.amazon-ebs.ubuntu: Waiting for the instance to stop...
==> packer-nginx-nodejs.amazon-ebs.ubuntu: Creating AMI packer-nginx-nodejs from instance i-00e344509af01327c
    packer-nginx-nodejs.amazon-ebs.ubuntu: AMI: ami-0dea9506c8cc2bb05
==> packer-nginx-nodejs.amazon-ebs.ubuntu: Waiting for AMI to become ready...
==> packer-nginx-nodejs.amazon-ebs.ubuntu: Skipping Enable AMI deprecation...
==> packer-nginx-nodejs.amazon-ebs.ubuntu: Terminating the source AWS instance...
==> packer-nginx-nodejs.amazon-ebs.ubuntu: Cleaning up any extra volumes...
==> packer-nginx-nodejs.amazon-ebs.ubuntu: No volumes to clean up, skipping
==> packer-nginx-nodejs.amazon-ebs.ubuntu: Deleting temporary security group...
==> packer-nginx-nodejs.amazon-ebs.ubuntu: Deleting temporary keypair...
Build 'packer-nginx-nodejs.amazon-ebs.ubuntu' finished after 13 minutes 1 second.

==> Wait completed after 13 minutes 1 second

==> Builds finished. The artifacts of successful builds are:
--> packer-nginx-nodejs.amazon-ebs.ubuntu: AMIs were created:
us-west-2: ami-0dea9506c8cc2bb05